<?xml version="1.0" encoding="UTF-8"?>
<!-- Generated by org.testng.reporters.JUnitXMLReporter -->
<testsuite ignored="0" hostname="Bharath" failures="0" tests="4" name="Test" time="0.109" errors="0" timestamp="2025-04-29T09:17:07 IST">
  <testcase classname="framework.tesng.concepts.AppCommons" name="TestCase1" time="0.01"/>
  <testcase classname="framework.tesng.concepts.AppCommons" name="TestCase2" time="0.001"/>
  <testcase classname="framework.tesng.concepts.AppCommons" name="TestCase3" time="0.003"/>
  <testcase classname="framework.tesng.concepts.AppCommons" name="TestCase3" time="0.002"/>
</testsuite> <!-- Test -->
