<?xml version="1.0" encoding="UTF-8"?>
<!-- Generated by org.testng.reporters.JUnitXMLReporter -->
<testsuite ignored="3" hostname="Bharath" failures="0" tests="2" name="Test2" time="6.121" errors="0" timestamp="2025-04-30T08:45:05 IST">
  <testcase classname="framework.tesng.concepts.AppCommons" name="TestCase3" time="3.013"/>
  <testcase classname="framework.tesng.concepts.AppCommons" name="TestCase3" time="3.009"/>
  <testcase classname="framework.tesng.concepts.AppCommons" name="TestCase4" time="0.0">
    <ignored/>
  </testcase> <!-- TestCase4 -->
  <testcase classname="framework.tesng.concepts.AppCommons" name="TestCase1" time="0.0">
    <ignored/>
  </testcase> <!-- TestCase1 -->
  <testcase classname="framework.tesng.concepts.AppCommons" name="TestCase2" time="0.0">
    <ignored/>
  </testcase> <!-- TestCase2 -->
</testsuite> <!-- Test2 -->
