<?xml version="1.0" encoding="UTF-8"?>
<testng-results ignored="0" total="4" passed="4" failed="0" skipped="0">
  <reporter-output>
  </reporter-output>
  <suite started-at="2025-04-29T09:17:06 IST" name="Suite" finished-at="2025-04-29T09:17:06 IST" duration-ms="109">
    <groups>
    </groups>
    <test started-at="2025-04-29T09:17:06 IST" name="Test" finished-at="2025-04-29T09:17:06 IST" duration-ms="109">
      <class name="framework.tesng.concepts.AppCommons">
        <test-method is-config="true" signature="startReporting()[pri:0, instance:framework.tesng.concepts.AppCommons@1ff4931d]" started-at="2025-04-29T09:17:06 IST" name="startReporting" finished-at="2025-04-29T09:17:06 IST" duration-ms="22" status="PASS">
          <reporter-output>
          </reporter-output>
        </test-method> <!-- startReporting -->
        <test-method is-config="true" signature="launchBrowserAndApplication(java.lang.String,java.lang.String)[pri:0, instance:framework.tesng.concepts.AppCommons@1ff4931d]" started-at="2025-04-29T09:17:06 IST" name="launchBrowserAndApplication" finished-at="2025-04-29T09:17:06 IST" duration-ms="7" status="PASS">
          <params>
            <param index="0">
              <value>
                <![CDATA[Chrome]]>
              </value>
            </param>
            <param index="1">
              <value>
                <![CDATA[https://www.amazon.com]]>
              </value>
            </param>
          </params>
          <reporter-output>
          </reporter-output>
        </test-method> <!-- launchBrowserAndApplication -->
        <test-method signature="TestCase1()[pri:0, instance:framework.tesng.concepts.AppCommons@1ff4931d]" started-at="2025-04-29T09:17:06 IST" name="TestCase1" finished-at="2025-04-29T09:17:06 IST" duration-ms="10" status="PASS">
          <reporter-output>
          </reporter-output>
        </test-method> <!-- TestCase1 -->
        <test-method is-config="true" signature="closeBrowser()[pri:0, instance:framework.tesng.concepts.AppCommons@1ff4931d]" started-at="2025-04-29T09:17:06 IST" name="closeBrowser" finished-at="2025-04-29T09:17:06 IST" duration-ms="0" status="PASS">
          <reporter-output>
          </reporter-output>
        </test-method> <!-- closeBrowser -->
        <test-method is-config="true" signature="launchBrowserAndApplication(java.lang.String,java.lang.String)[pri:0, instance:framework.tesng.concepts.AppCommons@1ff4931d]" started-at="2025-04-29T09:17:06 IST" name="launchBrowserAndApplication" finished-at="2025-04-29T09:17:06 IST" duration-ms="1" status="PASS">
          <params>
            <param index="0">
              <value>
                <![CDATA[Chrome]]>
              </value>
            </param>
            <param index="1">
              <value>
                <![CDATA[https://www.amazon.com]]>
              </value>
            </param>
          </params>
          <reporter-output>
          </reporter-output>
        </test-method> <!-- launchBrowserAndApplication -->
        <test-method signature="TestCase2()[pri:0, instance:framework.tesng.concepts.AppCommons@1ff4931d]" started-at="2025-04-29T09:17:06 IST" name="TestCase2" finished-at="2025-04-29T09:17:06 IST" duration-ms="1" status="PASS">
          <reporter-output>
          </reporter-output>
        </test-method> <!-- TestCase2 -->
        <test-method is-config="true" signature="closeBrowser()[pri:0, instance:framework.tesng.concepts.AppCommons@1ff4931d]" started-at="2025-04-29T09:17:06 IST" name="closeBrowser" finished-at="2025-04-29T09:17:06 IST" duration-ms="1" status="PASS">
          <reporter-output>
          </reporter-output>
        </test-method> <!-- closeBrowser -->
        <test-method is-config="true" signature="launchBrowserAndApplication(java.lang.String,java.lang.String)[pri:0, instance:framework.tesng.concepts.AppCommons@1ff4931d]" started-at="2025-04-29T09:17:06 IST" name="launchBrowserAndApplication" finished-at="2025-04-29T09:17:06 IST" duration-ms="2" status="PASS">
          <params>
            <param index="0">
              <value>
                <![CDATA[Chrome]]>
              </value>
            </param>
            <param index="1">
              <value>
                <![CDATA[https://www.amazon.com]]>
              </value>
            </param>
          </params>
          <reporter-output>
          </reporter-output>
        </test-method> <!-- launchBrowserAndApplication -->
        <test-method signature="TestCase3(java.lang.String,java.lang.String)[pri:0, instance:framework.tesng.concepts.AppCommons@1ff4931d]" started-at="2025-04-29T09:17:06 IST" name="TestCase3" data-provider="test3" finished-at="2025-04-29T09:17:06 IST" duration-ms="3" status="PASS">
          <params>
            <param index="0">
              <value>
                <![CDATA[Bharath]]>
              </value>
            </param>
            <param index="1">
              <value>
                <![CDATA[Bharath123]]>
              </value>
            </param>
          </params>
          <reporter-output>
          </reporter-output>
        </test-method> <!-- TestCase3 -->
        <test-method is-config="true" signature="closeBrowser()[pri:0, instance:framework.tesng.concepts.AppCommons@1ff4931d]" started-at="2025-04-29T09:17:06 IST" name="closeBrowser" finished-at="2025-04-29T09:17:06 IST" duration-ms="1" status="PASS">
          <reporter-output>
          </reporter-output>
        </test-method> <!-- closeBrowser -->
        <test-method is-config="true" signature="launchBrowserAndApplication(java.lang.String,java.lang.String)[pri:0, instance:framework.tesng.concepts.AppCommons@1ff4931d]" started-at="2025-04-29T09:17:06 IST" name="launchBrowserAndApplication" finished-at="2025-04-29T09:17:06 IST" duration-ms="1" status="PASS">
          <params>
            <param index="0">
              <value>
                <![CDATA[Chrome]]>
              </value>
            </param>
            <param index="1">
              <value>
                <![CDATA[https://www.amazon.com]]>
              </value>
            </param>
          </params>
          <reporter-output>
          </reporter-output>
        </test-method> <!-- launchBrowserAndApplication -->
        <test-method signature="TestCase3(java.lang.String,java.lang.String)[pri:0, instance:framework.tesng.concepts.AppCommons@1ff4931d]" started-at="2025-04-29T09:17:06 IST" name="TestCase3" data-provider="test3" finished-at="2025-04-29T09:17:06 IST" duration-ms="2" status="PASS">
          <params>
            <param index="0">
              <value>
                <![CDATA[Invalid User]]>
              </value>
            </param>
            <param index="1">
              <value>
                <![CDATA[Invalid Pass]]>
              </value>
            </param>
          </params>
          <reporter-output>
          </reporter-output>
        </test-method> <!-- TestCase3 -->
        <test-method is-config="true" signature="closeBrowser()[pri:0, instance:framework.tesng.concepts.AppCommons@1ff4931d]" started-at="2025-04-29T09:17:06 IST" name="closeBrowser" finished-at="2025-04-29T09:17:06 IST" duration-ms="1" status="PASS">
          <reporter-output>
          </reporter-output>
        </test-method> <!-- closeBrowser -->
        <test-method is-config="true" signature="stopReporting()[pri:0, instance:framework.tesng.concepts.AppCommons@1ff4931d]" started-at="2025-04-29T09:17:07 IST" name="stopReporting" finished-at="2025-04-29T09:17:07 IST" duration-ms="0" status="PASS">
          <reporter-output>
          </reporter-output>
        </test-method> <!-- stopReporting -->
      </class> <!-- framework.tesng.concepts.AppCommons -->
    </test> <!-- Test -->
  </suite> <!-- Suite -->
</testng-results>
